# JRE version: OpenJDK Runtime Environment Temurin-11.0.19+7 (11.0.19+7) (build 11.0.19+7)
# Java VM: OpenJDK 64-Bit Server VM Temurin-11.0.19+7 (11.0.19+7, mixed mode, tiered, compressed oops, g1 gc, windows-amd64)
Heap:
 garbage-first heap   total 61440K, used 13986K [0x00000000c4400000, 0x0000000100000000)
  region size 1024K, 12 young (12288K), 2 survivors (2048K)
 Metaspace       used 23910K, capacity 24150K, committed 24448K, reserved 1071104K
  class space    used 2517K, capacity 2597K, committed 2688K, reserved 1048576K
GC Heap History (18 events):
Event: 14.302 GC heap before
{Heap before GC invocations=0 (full 0):
 garbage-first heap   total 61440K, used 9216K [0x00000000c4400000, 0x0000000100000000)
  region size 1024K, 7 young (7168K), 0 survivors (0K)
 Metaspace       used 8974K, capacity 9083K, committed 9344K, reserved 1058816K
  class space    used 816K, capacity 852K, committed 896K, reserved 1048576K
}
Event: 14.499 GC heap after
{Heap after GC invocations=1 (full 0):
 garbage-first heap   total 61440K, used 2171K [0x00000000c4400000, 0x0000000100000000)
  region size 1024K, 1 young (1024K), 1 survivors (1024K)
 Metaspace       used 8974K, capacity 9083K, committed 9344K, reserved 1058816K
  class space    used 816K, capacity 852K, committed 896K, reserved 1048576K
}
Event: 17.469 GC heap before
{Heap before GC invocations=1 (full 0):
 garbage-first heap   total 61440K, used 4219K [0x00000000c4400000, 0x0000000100000000)
  region size 1024K, 3 young (3072K), 1 survivors (1024K)
 Metaspace       used 10969K, capacity 11153K, committed 11392K, reserved 1058816K
  class space    used 1042K, capacity 1120K, committed 1152K, reserved 1048576K
}
Event: 17.472 GC heap after
{Heap after GC invocations=2 (full 0):
 garbage-first heap   total 61440K, used 2671K [0x00000000c4400000, 0x0000000100000000)
  region size 1024K, 1 young (1024K), 1 survivors (1024K)
 Metaspace       used 10969K, capacity 11153K, committed 11392K, reserved 1058816K
  class space    used 1042K, capacity 1120K, committed 1152K, reserved 1048576K
}
Event: 18.701 GC heap before
{Heap before GC invocations=2 (full 0):
 garbage-first heap   total 61440K, used 4719K [0x00000000c4400000, 0x0000000100000000)
  region size 1024K, 3 young (3072K), 1 survivors (1024K)
 Metaspace       used 12020K, capacity 12195K, committed 12288K, reserved 1060864K
  class space    used 1189K, capacity 1254K, committed 1280K, reserved 1048576K
}
Event: 18.706 GC heap after
{Heap after GC invocations=3 (full 0):
 garbage-first heap   total 61440K, used 3146K [0x00000000c4400000, 0x0000000100000000)
  region size 1024K, 1 young (1024K), 1 survivors (1024K)
 Metaspace       used 12020K, capacity 12195K, committed 12288K, reserved 1060864K
  class space    used 1189K, capacity 1254K, committed 1280K, reserved 1048576K
}
Event: 19.685 GC heap before
{Heap before GC invocations=3 (full 0):
 garbage-first heap   total 61440K, used 4170K [0x00000000c4400000, 0x0000000100000000)
  region size 1024K, 3 young (3072K), 1 survivors (1024K)
 Metaspace       used 12934K, capacity 13107K, committed 13440K, reserved 1060864K
  class space    used 1273K, capacity 1322K, committed 1408K, reserved 1048576K
}
Event: 19.687 GC heap after
{Heap after GC invocations=4 (full 0):
 garbage-first heap   total 61440K, used 3494K [0x00000000c4400000, 0x0000000100000000)
  region size 1024K, 1 young (1024K), 1 survivors (1024K)
 Metaspace       used 12934K, capacity 13107K, committed 13440K, reserved 1060864K
  class space    used 1273K, capacity 1322K, committed 1408K, reserved 1048576K
}
Event: 20.236 GC heap before
{Heap before GC invocations=4 (full 0):
 garbage-first heap   total 61440K, used 6566K [0x00000000c4400000, 0x0000000100000000)
  region size 1024K, 4 young (4096K), 1 survivors (1024K)
 Metaspace       used 13932K, capacity 14163K, committed 14336K, reserved 1062912K
  class space    used 1394K, capacity 1482K, committed 1536K, reserved 1048576K
}
Event: 20.238 GC heap after
{Heap after GC invocations=5 (full 0):
 garbage-first heap   total 61440K, used 3566K [0x00000000c4400000, 0x0000000100000000)
  region size 1024K, 1 young (1024K), 1 survivors (1024K)
 Metaspace       used 13932K, capacity 14163K, committed 14336K, reserved 1062912K
  class space    used 1394K, capacity 1482K, committed 1536K, reserved 1048576K
}
Event: 21.468 GC heap before
{Heap before GC invocations=5 (full 0):
 garbage-first heap   total 61440K, used 7662K [0x00000000c4400000, 0x0000000100000000)
  region size 1024K, 6 young (6144K), 1 survivors (1024K)
 Metaspace       used 15647K, capacity 15929K, committed 16000K, reserved 1062912K
  class space    used 1560K, capacity 1644K, committed 1664K, reserved 1048576K
}
Event: 21.470 GC heap after
{Heap after GC invocations=6 (full 0):
 garbage-first heap   total 61440K, used 3853K [0x00000000c4400000, 0x0000000100000000)
  region size 1024K, 1 young (1024K), 1 survivors (1024K)
 Metaspace       used 15647K, capacity 15929K, committed 16000K, reserved 1062912K
  class space    used 1560K, capacity 1644K, committed 1664K, reserved 1048576K
}
Event: 22.248 GC heap before
{Heap before GC invocations=6 (full 0):
 garbage-first heap   total 61440K, used 11021K [0x00000000c4400000, 0x0000000100000000)
  region size 1024K, 8 young (8192K), 1 survivors (1024K)
 Metaspace       used 17598K, capacity 17817K, committed 18048K, reserved 1064960K
  class space    used 1807K, capacity 1868K, committed 1920K, reserved 1048576K
}
Event: 22.253 GC heap after
{Heap after GC invocations=7 (full 0):
 garbage-first heap   total 61440K, used 4171K [0x00000000c4400000, 0x0000000100000000)
  region size 1024K, 1 young (1024K), 1 survivors (1024K)
 Metaspace       used 17598K, capacity 17817K, committed 18048K, reserved 1064960K
  class space    used 1807K, capacity 1868K, committed 1920K, reserved 1048576K
}
Event: 24.958 GC heap before
{Heap before GC invocations=7 (full 0):
 garbage-first heap   total 61440K, used 12363K [0x00000000c4400000, 0x0000000100000000)
  region size 1024K, 10 young (10240K), 1 survivors (1024K)
 Metaspace       used 20370K, capacity 20615K, committed 20736K, reserved 1067008K
  class space    used 2138K, capacity 2226K, committed 2304K, reserved 1048576K
}
Event: 24.961 GC heap after
{Heap after GC invocations=8 (full 0):
 garbage-first heap   total 61440K, used 4559K [0x00000000c4400000, 0x0000000100000000)
  region size 1024K, 2 young (2048K), 2 survivors (2048K)
 Metaspace       used 20370K, capacity 20615K, committed 20736K, reserved 1067008K
  class space    used 2138K, capacity 2226K, committed 2304K, reserved 1048576K
}
Event: 26.398 GC heap before
{Heap before GC invocations=8 (full 0):
 garbage-first heap   total 61440K, used 4559K [0x00000000c4400000, 0x0000000100000000)
  region size 1024K, 3 young (3072K), 2 survivors (2048K)
 Metaspace       used 20971K, capacity 21162K, committed 21248K, reserved 1069056K
  class space    used 2210K, capacity 2259K, committed 2304K, reserved 1048576K
}
Event: 26.402 GC heap after
{Heap after GC invocations=9 (full 0):
 garbage-first heap   total 61440K, used 4770K [0x00000000c4400000, 0x0000000100000000)
  region size 1024K, 2 young (2048K), 2 survivors (2048K)
 Metaspace       used 20971K, capacity 21162K, committed 21248K, reserved 1069056K
  class space    used 2210K, capacity 2259K, committed 2304K, reserved 1048576K
}

